<?xml version="1.0" encoding="UTF-8"?>
<testng-results skipped="0" failed="0" ignored="0" total="1" passed="1">
  <reporter-output>
  </reporter-output>
  <suite name="Daily_Project" duration-ms="21907" started-at="2020-05-25T13:01:58 IST" finished-at="2020-05-25T13:02:20 IST">
    <groups>
    </groups>
    <test name="DailyProject Test" duration-ms="21907" started-at="2020-05-25T13:01:58 IST" finished-at="2020-05-25T13:02:20 IST">
      <class name="com.daily.project.Validation">
        <test-method status="PASS" signature="validateDropdown(java.lang.String)[pri:0, instance:com.daily.project.Validation@a7e666]" name="validateDropdown" duration-ms="21844" started-at="2020-05-25T13:01:58 IST" finished-at="2020-05-25T13:02:20 IST">
          <params>
            <param index="0">
              <value>
                <![CDATA[Odisha Adaba]]>
              </value>
            </param>
          </params>
          <reporter-output>
          </reporter-output>
        </test-method> <!-- validateDropdown -->
      </class> <!-- com.daily.project.Validation -->
    </test> <!-- DailyProject Test -->
  </suite> <!-- Daily_Project -->
</testng-results>
